<?xml version="1.0" encoding="UTF-8"?>
<testng-results skipped="0" failed="0" ignored="0" total="20" passed="20">
  <reporter-output>
  </reporter-output>
  <suite name="book-flight-module" duration-ms="48713" started-at="2019-07-26T13:55:33Z" finished-at="2019-07-26T13:56:22Z">
    <groups>
    </groups>
    <test name="book-flight-2" duration-ms="14155" started-at="2019-07-26T13:55:33Z" finished-at="2019-07-26T13:55:47Z">
      <class name="com.newtours.tests.BookFlightTest">
        <test-method status="PASS" signature="setupDriver(org.testng.ITestContext)[pri:0, instance:com.newtours.tests.BookFlightTest@6b71769e]" name="setupDriver" is-config="true" duration-ms="2206" started-at="2019-07-26T13:55:33Z" finished-at="2019-07-26T13:55:35Z">
          <params>
            <param index="0">
              <value>
                <![CDATA[org.testng.TestRunner@2c6a3f77]]>
              </value>
            </param>
          </params>
          <reporter-output>
          </reporter-output>
        </test-method> <!-- setupDriver -->
        <test-method status="PASS" signature="setupParameters(java.lang.String, java.lang.String)[pri:0, instance:com.newtours.tests.BookFlightTest@6b71769e]" name="setupParameters" is-config="true" duration-ms="1" started-at="2019-07-26T13:55:35Z" depends-on-methods="com.tests.BaseTest.setupDriver" finished-at="2019-07-26T13:55:35Z">
          <params>
            <param index="0">
              <value>
                <![CDATA[2]]>
              </value>
            </param>
            <param index="1">
              <value>
                <![CDATA[$1169 USD]]>
              </value>
            </param>
          </params>
          <reporter-output>
          </reporter-output>
        </test-method> <!-- setupParameters -->
        <test-method status="PASS" signature="registrationPage()[pri:0, instance:com.newtours.tests.BookFlightTest@6b71769e]" name="registrationPage" duration-ms="7499" started-at="2019-07-26T13:55:35Z" finished-at="2019-07-26T13:55:43Z">
          <reporter-output>
          </reporter-output>
        </test-method> <!-- registrationPage -->
        <test-method status="PASS" signature="registrationConfirmationPage()[pri:0, instance:com.newtours.tests.BookFlightTest@6b71769e]" name="registrationConfirmationPage" duration-ms="799" started-at="2019-07-26T13:55:43Z" depends-on-methods="com.newtours.tests.BookFlightTest.registrationPage" finished-at="2019-07-26T13:55:43Z">
          <reporter-output>
          </reporter-output>
        </test-method> <!-- registrationConfirmationPage -->
        <test-method status="PASS" signature="flightDetailsPage()[pri:0, instance:com.newtours.tests.BookFlightTest@6b71769e]" name="flightDetailsPage" duration-ms="860" started-at="2019-07-26T13:55:43Z" depends-on-methods="com.newtours.tests.BookFlightTest.registrationConfirmationPage" finished-at="2019-07-26T13:55:44Z">
          <reporter-output>
          </reporter-output>
        </test-method> <!-- flightDetailsPage -->
        <test-method status="PASS" signature="findFlightPage()[pri:0, instance:com.newtours.tests.BookFlightTest@6b71769e]" name="findFlightPage" duration-ms="1702" started-at="2019-07-26T13:55:44Z" depends-on-methods="com.newtours.tests.BookFlightTest.flightDetailsPage" finished-at="2019-07-26T13:55:46Z">
          <reporter-output>
          </reporter-output>
        </test-method> <!-- findFlightPage -->
        <test-method status="PASS" signature="flightConfirmationPage()[pri:0, instance:com.newtours.tests.BookFlightTest@6b71769e]" name="flightConfirmationPage" duration-ms="1009" started-at="2019-07-26T13:55:46Z" depends-on-methods="com.newtours.tests.BookFlightTest.findFlightPage" finished-at="2019-07-26T13:55:47Z">
          <reporter-output>
          </reporter-output>
        </test-method> <!-- flightConfirmationPage -->
        <test-method status="PASS" signature="quitDriver()[pri:0, instance:com.newtours.tests.BookFlightTest@6b71769e]" name="quitDriver" is-config="true" duration-ms="61" started-at="2019-07-26T13:55:47Z" finished-at="2019-07-26T13:55:47Z">
          <reporter-output>
          </reporter-output>
        </test-method> <!-- quitDriver -->
      </class> <!-- com.newtours.tests.BookFlightTest -->
    </test> <!-- book-flight-2 -->
    <test name="book-flight-3" duration-ms="28928" started-at="2019-07-26T13:55:33Z" finished-at="2019-07-26T13:56:02Z">
      <class name="com.newtours.tests.BookFlightTest">
        <test-method status="PASS" signature="setupDriver(org.testng.ITestContext)[pri:0, instance:com.newtours.tests.BookFlightTest@58ceff1]" name="setupDriver" is-config="true" duration-ms="14836" started-at="2019-07-26T13:55:33Z" finished-at="2019-07-26T13:55:48Z">
          <params>
            <param index="0">
              <value>
                <![CDATA[org.testng.TestRunner@246ae04d]]>
              </value>
            </param>
          </params>
          <reporter-output>
          </reporter-output>
        </test-method> <!-- setupDriver -->
        <test-method status="PASS" signature="setupParameters(java.lang.String, java.lang.String)[pri:0, instance:com.newtours.tests.BookFlightTest@58ceff1]" name="setupParameters" is-config="true" duration-ms="0" started-at="2019-07-26T13:55:48Z" depends-on-methods="com.tests.BaseTest.setupDriver" finished-at="2019-07-26T13:55:48Z">
          <params>
            <param index="0">
              <value>
                <![CDATA[3]]>
              </value>
            </param>
            <param index="1">
              <value>
                <![CDATA[$1753 USD]]>
              </value>
            </param>
          </params>
          <reporter-output>
          </reporter-output>
        </test-method> <!-- setupParameters -->
        <test-method status="PASS" signature="registrationPage()[pri:0, instance:com.newtours.tests.BookFlightTest@58ceff1]" name="registrationPage" duration-ms="9881" started-at="2019-07-26T13:55:48Z" finished-at="2019-07-26T13:55:58Z">
          <reporter-output>
          </reporter-output>
        </test-method> <!-- registrationPage -->
        <test-method status="PASS" signature="registrationConfirmationPage()[pri:0, instance:com.newtours.tests.BookFlightTest@58ceff1]" name="registrationConfirmationPage" duration-ms="735" started-at="2019-07-26T13:55:58Z" depends-on-methods="com.newtours.tests.BookFlightTest.registrationPage" finished-at="2019-07-26T13:55:58Z">
          <reporter-output>
          </reporter-output>
        </test-method> <!-- registrationConfirmationPage -->
        <test-method status="PASS" signature="flightDetailsPage()[pri:0, instance:com.newtours.tests.BookFlightTest@58ceff1]" name="flightDetailsPage" duration-ms="796" started-at="2019-07-26T13:55:58Z" depends-on-methods="com.newtours.tests.BookFlightTest.registrationConfirmationPage" finished-at="2019-07-26T13:55:59Z">
          <reporter-output>
          </reporter-output>
        </test-method> <!-- flightDetailsPage -->
        <test-method status="PASS" signature="findFlightPage()[pri:0, instance:com.newtours.tests.BookFlightTest@58ceff1]" name="findFlightPage" duration-ms="1671" started-at="2019-07-26T13:55:59Z" depends-on-methods="com.newtours.tests.BookFlightTest.flightDetailsPage" finished-at="2019-07-26T13:56:01Z">
          <reporter-output>
          </reporter-output>
        </test-method> <!-- findFlightPage -->
        <test-method status="PASS" signature="flightConfirmationPage()[pri:0, instance:com.newtours.tests.BookFlightTest@58ceff1]" name="flightConfirmationPage" duration-ms="941" started-at="2019-07-26T13:56:01Z" depends-on-methods="com.newtours.tests.BookFlightTest.findFlightPage" finished-at="2019-07-26T13:56:02Z">
          <reporter-output>
          </reporter-output>
        </test-method> <!-- flightConfirmationPage -->
        <test-method status="PASS" signature="quitDriver()[pri:0, instance:com.newtours.tests.BookFlightTest@58ceff1]" name="quitDriver" is-config="true" duration-ms="60" started-at="2019-07-26T13:56:02Z" finished-at="2019-07-26T13:56:02Z">
          <reporter-output>
          </reporter-output>
        </test-method> <!-- quitDriver -->
      </class> <!-- com.newtours.tests.BookFlightTest -->
    </test> <!-- book-flight-3 -->
    <test name="book-flight-4" duration-ms="36931" started-at="2019-07-26T13:55:33Z" finished-at="2019-07-26T13:56:10Z">
      <class name="com.newtours.tests.BookFlightTest">
        <test-method status="PASS" signature="setupDriver(org.testng.ITestContext)[pri:0, instance:com.newtours.tests.BookFlightTest@1e643faf]" name="setupDriver" is-config="true" duration-ms="29617" started-at="2019-07-26T13:55:33Z" finished-at="2019-07-26T13:56:02Z">
          <params>
            <param index="0">
              <value>
                <![CDATA[org.testng.TestRunner@62043840]]>
              </value>
            </param>
          </params>
          <reporter-output>
          </reporter-output>
        </test-method> <!-- setupDriver -->
        <test-method status="PASS" signature="setupParameters(java.lang.String, java.lang.String)[pri:0, instance:com.newtours.tests.BookFlightTest@1e643faf]" name="setupParameters" is-config="true" duration-ms="1" started-at="2019-07-26T13:56:02Z" depends-on-methods="com.tests.BaseTest.setupDriver" finished-at="2019-07-26T13:56:02Z">
          <params>
            <param index="0">
              <value>
                <![CDATA[4]]>
              </value>
            </param>
            <param index="1">
              <value>
                <![CDATA[$2338 USD]]>
              </value>
            </param>
          </params>
          <reporter-output>
          </reporter-output>
        </test-method> <!-- setupParameters -->
        <test-method status="PASS" signature="registrationPage()[pri:0, instance:com.newtours.tests.BookFlightTest@1e643faf]" name="registrationPage" duration-ms="3211" started-at="2019-07-26T13:56:02Z" finished-at="2019-07-26T13:56:06Z">
          <reporter-output>
          </reporter-output>
        </test-method> <!-- registrationPage -->
        <test-method status="PASS" signature="registrationConfirmationPage()[pri:0, instance:com.newtours.tests.BookFlightTest@1e643faf]" name="registrationConfirmationPage" duration-ms="701" started-at="2019-07-26T13:56:06Z" depends-on-methods="com.newtours.tests.BookFlightTest.registrationPage" finished-at="2019-07-26T13:56:06Z">
          <reporter-output>
          </reporter-output>
        </test-method> <!-- registrationConfirmationPage -->
        <test-method status="PASS" signature="flightDetailsPage()[pri:0, instance:com.newtours.tests.BookFlightTest@1e643faf]" name="flightDetailsPage" duration-ms="772" started-at="2019-07-26T13:56:06Z" depends-on-methods="com.newtours.tests.BookFlightTest.registrationConfirmationPage" finished-at="2019-07-26T13:56:07Z">
          <reporter-output>
          </reporter-output>
        </test-method> <!-- flightDetailsPage -->
        <test-method status="PASS" signature="findFlightPage()[pri:0, instance:com.newtours.tests.BookFlightTest@1e643faf]" name="findFlightPage" duration-ms="1618" started-at="2019-07-26T13:56:07Z" depends-on-methods="com.newtours.tests.BookFlightTest.flightDetailsPage" finished-at="2019-07-26T13:56:09Z">
          <reporter-output>
          </reporter-output>
        </test-method> <!-- findFlightPage -->
        <test-method status="PASS" signature="flightConfirmationPage()[pri:0, instance:com.newtours.tests.BookFlightTest@1e643faf]" name="flightConfirmationPage" duration-ms="939" started-at="2019-07-26T13:56:09Z" depends-on-methods="com.newtours.tests.BookFlightTest.findFlightPage" finished-at="2019-07-26T13:56:10Z">
          <reporter-output>
          </reporter-output>
        </test-method> <!-- flightConfirmationPage -->
        <test-method status="PASS" signature="quitDriver()[pri:0, instance:com.newtours.tests.BookFlightTest@1e643faf]" name="quitDriver" is-config="true" duration-ms="62" started-at="2019-07-26T13:56:10Z" finished-at="2019-07-26T13:56:10Z">
          <reporter-output>
          </reporter-output>
        </test-method> <!-- quitDriver -->
      </class> <!-- com.newtours.tests.BookFlightTest -->
    </test> <!-- book-flight-4 -->
    <test name="book-flight-1" duration-ms="48712" started-at="2019-07-26T13:55:33Z" finished-at="2019-07-26T13:56:22Z">
      <class name="com.newtours.tests.BookFlightTest">
        <test-method status="PASS" signature="setupDriver(org.testng.ITestContext)[pri:0, instance:com.newtours.tests.BookFlightTest@16c0663d]" name="setupDriver" is-config="true" duration-ms="37566" started-at="2019-07-26T13:55:33Z" finished-at="2019-07-26T13:56:10Z">
          <params>
            <param index="0">
              <value>
                <![CDATA[org.testng.TestRunner@5315b42e]]>
              </value>
            </param>
          </params>
          <reporter-output>
          </reporter-output>
        </test-method> <!-- setupDriver -->
        <test-method status="PASS" signature="registrationPage()[pri:0, instance:com.newtours.tests.BookFlightTest@16c0663d]" name="registrationPage" duration-ms="7025" started-at="2019-07-26T13:56:10Z" finished-at="2019-07-26T13:56:17Z">
          <reporter-output>
          </reporter-output>
        </test-method> <!-- registrationPage -->
        <test-method status="PASS" signature="setupParameters(java.lang.String, java.lang.String)[pri:0, instance:com.newtours.tests.BookFlightTest@16c0663d]" name="setupParameters" is-config="true" duration-ms="0" started-at="2019-07-26T13:56:10Z" depends-on-methods="com.tests.BaseTest.setupDriver" finished-at="2019-07-26T13:56:10Z">
          <params>
            <param index="0">
              <value>
                <![CDATA[1]]>
              </value>
            </param>
            <param index="1">
              <value>
                <![CDATA[$584 USD]]>
              </value>
            </param>
          </params>
          <reporter-output>
          </reporter-output>
        </test-method> <!-- setupParameters -->
        <test-method status="PASS" signature="registrationConfirmationPage()[pri:0, instance:com.newtours.tests.BookFlightTest@16c0663d]" name="registrationConfirmationPage" duration-ms="710" started-at="2019-07-26T13:56:17Z" depends-on-methods="com.newtours.tests.BookFlightTest.registrationPage" finished-at="2019-07-26T13:56:18Z">
          <reporter-output>
          </reporter-output>
        </test-method> <!-- registrationConfirmationPage -->
        <test-method status="PASS" signature="flightDetailsPage()[pri:0, instance:com.newtours.tests.BookFlightTest@16c0663d]" name="flightDetailsPage" duration-ms="731" started-at="2019-07-26T13:56:18Z" depends-on-methods="com.newtours.tests.BookFlightTest.registrationConfirmationPage" finished-at="2019-07-26T13:56:19Z">
          <reporter-output>
          </reporter-output>
        </test-method> <!-- flightDetailsPage -->
        <test-method status="PASS" signature="findFlightPage()[pri:0, instance:com.newtours.tests.BookFlightTest@16c0663d]" name="findFlightPage" duration-ms="1632" started-at="2019-07-26T13:56:19Z" depends-on-methods="com.newtours.tests.BookFlightTest.flightDetailsPage" finished-at="2019-07-26T13:56:21Z">
          <reporter-output>
          </reporter-output>
        </test-method> <!-- findFlightPage -->
        <test-method status="PASS" signature="flightConfirmationPage()[pri:0, instance:com.newtours.tests.BookFlightTest@16c0663d]" name="flightConfirmationPage" duration-ms="982" started-at="2019-07-26T13:56:21Z" depends-on-methods="com.newtours.tests.BookFlightTest.findFlightPage" finished-at="2019-07-26T13:56:22Z">
          <reporter-output>
          </reporter-output>
        </test-method> <!-- flightConfirmationPage -->
        <test-method status="PASS" signature="quitDriver()[pri:0, instance:com.newtours.tests.BookFlightTest@16c0663d]" name="quitDriver" is-config="true" duration-ms="64" started-at="2019-07-26T13:56:22Z" finished-at="2019-07-26T13:56:22Z">
          <reporter-output>
          </reporter-output>
        </test-method> <!-- quitDriver -->
      </class> <!-- com.newtours.tests.BookFlightTest -->
    </test> <!-- book-flight-1 -->
  </suite> <!-- book-flight-module -->
</testng-results>
